<?xml version="1.0" encoding="UTF-8"?>
<testsuite xmlns:xsi="http://www.w3.org/2001/XMLSchema-instance" xsi:noNamespaceSchemaLocation="https://maven.apache.org/surefire/maven-surefire-plugin/xsd/surefire-test-report-3.0.xsd" version="3.0" name="in.InternshipStudio.AppTest" time="0.026" tests="1" errors="0" skipped="0" failures="0">
  <properties>
    <property name="java.specification.version" value="22"/>
    <property name="sun.cpu.isalist" value="amd64"/>
    <property name="sun.jnu.encoding" value="Cp1252"/>
    <property name="java.class.path" value="C:\Users\omwaj\OneDrive\Desktop\Internship studio\MyFirstSA-App\target\test-classes;C:\Users\omwaj\OneDrive\Desktop\Internship studio\MyFirstSA-App\target\classes;C:\Users\omwaj\.m2\repository\junit\junit\3.8.1\junit-3.8.1.jar;C:\Users\omwaj\.m2\repository\org\springframework\spring-context\6.1.9\spring-context-6.1.9.jar;C:\Users\omwaj\.m2\repository\org\springframework\spring-aop\6.1.9\spring-aop-6.1.9.jar;C:\Users\omwaj\.m2\repository\org\springframework\spring-beans\6.1.9\spring-beans-6.1.9.jar;C:\Users\omwaj\.m2\repository\org\springframework\spring-core\6.1.9\spring-core-6.1.9.jar;C:\Users\omwaj\.m2\repository\org\springframework\spring-jcl\6.1.9\spring-jcl-6.1.9.jar;C:\Users\omwaj\.m2\repository\org\springframework\spring-expression\6.1.9\spring-expression-6.1.9.jar;C:\Users\omwaj\.m2\repository\io\micrometer\micrometer-observation\1.12.7\micrometer-observation-1.12.7.jar;C:\Users\omwaj\.m2\repository\io\micrometer\micrometer-commons\1.12.7\micrometer-commons-1.12.7.jar;"/>
    <property name="java.vm.vendor" value="Oracle Corporation"/>
    <property name="sun.arch.data.model" value="64"/>
    <property name="user.variant" value=""/>
    <property name="java.vendor.url" value="https://java.oracle.com/"/>
    <property name="user.timezone" value="Asia/Calcutta"/>
    <property name="os.name" value="Windows 11"/>
    <property name="java.vm.specification.version" value="22"/>
    <property name="sun.java.launcher" value="SUN_STANDARD"/>
    <property name="user.country" value="IN"/>
    <property name="sun.boot.library.path" value="C:\Program Files\Java\jdk-22\bin"/>
    <property name="sun.java.command" value="C:\Users\omwaj\AppData\Local\Temp\surefire16071361655644989200\surefirebooter-20240619182152892_3.jar C:\Users\omwaj\AppData\Local\Temp\surefire16071361655644989200 2024-06-19T18-21-52_367-jvmRun1 surefire-20240619182152892_1tmp surefire_0-20240619182152892_2tmp"/>
    <property name="jdk.debug" value="release"/>
    <property name="surefire.test.class.path" value="C:\Users\omwaj\OneDrive\Desktop\Internship studio\MyFirstSA-App\target\test-classes;C:\Users\omwaj\OneDrive\Desktop\Internship studio\MyFirstSA-App\target\classes;C:\Users\omwaj\.m2\repository\junit\junit\3.8.1\junit-3.8.1.jar;C:\Users\omwaj\.m2\repository\org\springframework\spring-context\6.1.9\spring-context-6.1.9.jar;C:\Users\omwaj\.m2\repository\org\springframework\spring-aop\6.1.9\spring-aop-6.1.9.jar;C:\Users\omwaj\.m2\repository\org\springframework\spring-beans\6.1.9\spring-beans-6.1.9.jar;C:\Users\omwaj\.m2\repository\org\springframework\spring-core\6.1.9\spring-core-6.1.9.jar;C:\Users\omwaj\.m2\repository\org\springframework\spring-jcl\6.1.9\spring-jcl-6.1.9.jar;C:\Users\omwaj\.m2\repository\org\springframework\spring-expression\6.1.9\spring-expression-6.1.9.jar;C:\Users\omwaj\.m2\repository\io\micrometer\micrometer-observation\1.12.7\micrometer-observation-1.12.7.jar;C:\Users\omwaj\.m2\repository\io\micrometer\micrometer-commons\1.12.7\micrometer-commons-1.12.7.jar;"/>
    <property name="sun.cpu.endian" value="little"/>
    <property name="user.home" value="C:\Users\omwaj"/>
    <property name="user.language" value="en"/>
    <property name="java.specification.vendor" value="Oracle Corporation"/>
    <property name="java.version.date" value="2024-04-16"/>
    <property name="java.home" value="C:\Program Files\Java\jdk-22"/>
    <property name="file.separator" value="\"/>
    <property name="basedir" value="C:\Users\omwaj\OneDrive\Desktop\Internship studio\MyFirstSA-App"/>
    <property name="java.vm.compressedOopsMode" value="32-bit"/>
    <property name="line.separator" value="&#10;"/>
    <property name="java.vm.specification.vendor" value="Oracle Corporation"/>
    <property name="java.specification.name" value="Java Platform API Specification"/>
    <property name="surefire.real.class.path" value="C:\Users\omwaj\AppData\Local\Temp\surefire16071361655644989200\surefirebooter-20240619182152892_3.jar"/>
    <property name="user.script" value=""/>
    <property name="sun.management.compiler" value="HotSpot 64-Bit Tiered Compilers"/>
    <property name="java.runtime.version" value="22.0.1+8-16"/>
    <property name="user.name" value="omwaj"/>
    <property name="stdout.encoding" value="Cp1252"/>
    <property name="path.separator" value=";"/>
    <property name="os.version" value="10.0"/>
    <property name="java.runtime.name" value="Java(TM) SE Runtime Environment"/>
    <property name="file.encoding" value="UTF-8"/>
    <property name="java.vm.name" value="Java HotSpot(TM) 64-Bit Server VM"/>
    <property name="localRepository" value="C:\Users\omwaj\.m2\repository"/>
    <property name="java.vendor.url.bug" value="https://bugreport.java.com/bugreport/"/>
    <property name="java.io.tmpdir" value="C:\Users\omwaj\AppData\Local\Temp\"/>
    <property name="java.version" value="22.0.1"/>
    <property name="user.dir" value="C:\Users\omwaj\OneDrive\Desktop\Internship studio\MyFirstSA-App"/>
    <property name="os.arch" value="amd64"/>
    <property name="java.vm.specification.name" value="Java Virtual Machine Specification"/>
    <property name="sun.os.patch.level" value=""/>
    <property name="native.encoding" value="Cp1252"/>
    <property name="java.library.path" value="C:\Program Files\Java\jdk-22\bin;C:\WINDOWS\Sun\Java\bin;C:\WINDOWS\system32;C:\WINDOWS;C:\Python312\Scripts\;C:\Python312\;C:\Python311\Scripts\;C:\Python311\;C:\Program Files\Common Files\Oracle\Java\javapath;C:\Windows\system32;C:\Windows;C:\Windows\System32\Wbem;C:\Windows\System32\WindowsPowerShell\v1.0\;C:\Windows\System32\OpenSSH\;C:\Program Files (x86)\NVIDIA Corporation\PhysX\Common;C:\Program Files\NVIDIA Corporation\NVIDIA NvDLISR;C:\WINDOWS\system32;C:\WINDOWS;C:\WINDOWS\System32\Wbem;C:\WINDOWS\System32\WindowsPowerShell\v1.0\;C:\WINDOWS\System32\OpenSSH\;C:\Program Files\dotnet\;C:\ProgramData\chocolatey\bin;C:\flutter\bin;C:\Program Files\nodejs\;C:\Program Files\Git\cmd;C:\Program Files\Microsoft SQL Server\150\Tools\Binn\;C:\Program Files\Microsoft SQL Server\Client SDK\ODBC\170\Tools\Binn\;C:\Program Files\Java\jdk-22\bin;C:\apache-maven-3.9.8-bin\apache-maven-3.9.8\bin;C:\Program Files\MySQL\MySQL Shell 8.0\bin\;C:\Python\Scripts\;C:\Python\;C:\Users\omwaj\AppData\Local\Microsoft\WindowsApps;C:\Program Files\JetBrains\IntelliJ IDEA 2021.3.2\bin;C:\MinGW\bin;C:\Program Files\Java\jdk-17.0.2\bin;;C:\Program Files\JetBrains\IntelliJ IDEA Community Edition 2021.3.2\bin;;C:\Program Files (x86)\MinGW\bin;C:\Users\omwaj\AppData\Local\Programs\Microsoft VS Code\bin;C:\Users\omwaj\AppData\Local\GitHubDesktop\bin;C:\flutter\bin;C:\Users\omwaj\AppData\Roaming\npm;C:\Users\omwaj\.dotnet\tools;."/>
    <property name="java.vm.info" value="mixed mode, sharing"/>
    <property name="stderr.encoding" value="Cp1252"/>
    <property name="java.vendor" value="Oracle Corporation"/>
    <property name="java.vm.version" value="22.0.1+8-16"/>
    <property name="sun.io.unicode.encoding" value="UnicodeLittle"/>
    <property name="java.class.version" value="66.0"/>
  </properties>
  <testcase name="testApp" classname="in.InternshipStudio.AppTest" time="0.003"/>
</testsuite>